<?xml version="1.0" encoding="UTF-8"?>
<!-- Generated by org.testng.reporters.JUnitReportReporter -->
<testsuite hostname="Arunkumar" failures="0" tests="1" name="com.sample.testng.SampleTestNG" time="0.009" errors="0" timestamp="2023-01-17T18:12:30 IST" skipped="0">
  <testcase classname="com.sample.testng.SampleTestNG" name="testMethod" time="0.009"/>
  <system-out/>
</testsuite> <!-- com.sample.testng.SampleTestNG -->
