<?xml version="1.0" encoding="UTF-8"?>
<!-- Generated by org.testng.reporters.JUnitReportReporter -->
<testsuite hostname="Arunkumar" failures="0" tests="4" name="com.sample.testng.Enabled" time="0.012" errors="0" timestamp="2023-01-17T19:20:15 IST" skipped="2">
  <testcase classname="com.sample.testng.Enabled" name="testFour" time="0.009"/>
  <system-out/>
  <testcase classname="com.sample.testng.Enabled" name="testFive" time="0.003"/>
  <system-out/>
  <testcase classname="com.sample.testng.Enabled" name="testTwo">
    <skipped/>
  </testcase> <!-- testTwo -->
  <system-out/>
  <testcase classname="com.sample.testng.Enabled" name="testThree">
    <skipped/>
  </testcase> <!-- testThree -->
  <system-out/>
</testsuite> <!-- com.sample.testng.Enabled -->
