<?xml version="1.0" encoding="UTF-8"?>
<!-- Generated by org.testng.reporters.JUnitReportReporter -->
<testsuite hostname="Arunkumar" failures="0" tests="5" name="com.sample.testng.Priority" time="0.037" errors="0" timestamp="2023-01-17T19:15:16 IST" skipped="0">
  <testcase classname="com.sample.testng.Priority" name="testFour" time="0.010"/>
  <system-out/>
  <testcase classname="com.sample.testng.Priority" name="testFive" time="0.004"/>
  <system-out/>
  <testcase classname="com.sample.testng.Priority" name="testTwo" time="0.009"/>
  <system-out/>
  <testcase classname="com.sample.testng.Priority" name="testThree" time="0.001"/>
  <system-out/>
  <testcase classname="com.sample.testng.Priority" name="testOne" time="0.013"/>
  <system-out/>
</testsuite> <!-- com.sample.testng.Priority -->
