<?xml version="1.0" encoding="UTF-8"?>
<!-- Generated by org.testng.reporters.JUnitReportReporter -->
<testsuite hostname="Arunkumar" failures="0" tests="5" name="com.sample.testng.DependsOnMethods" time="0.036" errors="0" timestamp="2023-01-17T20:13:46 IST" skipped="0">
  <testcase classname="com.sample.testng.DependsOnMethods" name="SearchProuduct" time="0.003"/>
  <system-out/>
  <testcase classname="com.sample.testng.DependsOnMethods" name="Login" time="0.003"/>
  <system-out/>
  <testcase classname="com.sample.testng.DependsOnMethods" name="SaveToCart" time="0.006"/>
  <system-out/>
  <testcase classname="com.sample.testng.DependsOnMethods" name="Buy" time="0.001"/>
  <system-out/>
  <testcase classname="com.sample.testng.DependsOnMethods" name="URLLaunch" time="0.023"/>
  <system-out/>
</testsuite> <!-- com.sample.testng.DependsOnMethods -->
