<?xml version="1.0" encoding="UTF-8"?>
<!-- Generated by org.testng.reporters.JUnitReportReporter -->
<testsuite hostname="Arunkumar" failures="0" tests="2" name="com.sample.testng.DependsOnMethods1" time="0.006" errors="0" timestamp="2023-01-17T20:13:46 IST" skipped="0">
  <testcase classname="com.sample.testng.DependsOnMethods1" name="SearchProduct" time="0.001"/>
  <system-out/>
  <testcase classname="com.sample.testng.DependsOnMethods1" name="pay" time="0.005"/>
  <system-out/>
</testsuite> <!-- com.sample.testng.DependsOnMethods1 -->
